<?xml version='1.0' encoding='UTF-8'?>
<testsuite hostname="INL-6MLKWG3" name="com.knoldus.learning.dao.InsertDBFunctionsSpec" tests="8" errors="0" failures="0" skipped="0" time="0.223" timestamp="2023-06-13T23:23:47">
          <properties>
      <property name="awt.toolkit" value="sun.awt.X11.XToolkit"/><property name="java.specification.version" value="11"/><property name="sun.cpu.isalist" value=""/><property name="sun.jnu.encoding" value="UTF-8"/><property name="sun.arch.data.model" value="64"/><property name="java.vendor.url" value="https://ubuntu.com/"/><property name="sun.boot.library.path" value="/usr/lib/jvm/java-11-openjdk-amd64/lib"/><property name="sun.java.command" value="/home/knoldus/.cache/sbt/boot/sbt-launch/1.9.0/sbt-launch-1.9.0.jar"/><property name="jdk.debug" value="release"/><property name="java.specification.vendor" value="Oracle Corporation"/><property name="java.version.date" value="2023-04-18"/><property name="java.home" value="/usr/lib/jvm/java-11-openjdk-amd64"/><property name="file.separator" value="/"/><property name="java.vm.compressedOopsMode" value="Zero based"/><property name="line.separator" value="
"/><property name="java.specification.name" value="Java Platform API Specification"/><property name="java.vm.specification.vendor" value="Oracle Corporation"/><property name="sun.management.compiler" value="HotSpot 64-Bit Tiered Compilers"/><property name="java.runtime.version" value="11.0.19+7-post-Ubuntu-0ubuntu120.04.1"/><property name="user.name" value="knoldus"/><property name="log4j.ignoreTCL" value="true"/><property name="file.encoding" value="UTF-8"/><property name="jnidispatch.path" value="/home/knoldus/.cache/JNA/temp/jna3088854783491128392.tmp"/><property name="jna.loaded" value="true"/><property name="java.io.tmpdir" value="/tmp"/><property name="java.version" value="11.0.19"/><property name="java.vm.specification.name" value="Java Virtual Machine Specification"/><property name="java.awt.printerjob" value="sun.print.PSPrinterJob"/><property name="sun.os.patch.level" value="unknown"/><property name="java.library.path" value="/usr/java/packages/lib:/usr/lib/x86_64-linux-gnu/jni:/lib/x86_64-linux-gnu:/usr/lib/x86_64-linux-gnu:/usr/lib/jni:/lib:/usr/lib"/><property name="java.vendor" value="Ubuntu"/><property name="scala.ext.dirs" value="/home/knoldus/.sbt/1.0/java9-rt-ext-ubuntu_11_0_19"/><property name="sun.io.unicode.encoding" value="UnicodeLittle"/><property name="sun.desktop" value="gnome"/><property name="java.class.path" value="/home/knoldus/.cache/sbt/boot/sbt-launch/1.9.0/sbt-launch-1.9.0.jar"/><property name="java.vm.vendor" value="Ubuntu"/><property name="jline.shutdownhook" value="false"/><property name="user.timezone" value="GMT"/><property name="os.name" value="Linux"/><property name="java.vm.specification.version" value="11"/><property name="sun.java.launcher" value="SUN_STANDARD"/><property name="user.country" value="IN"/><property name="sun.cpu.endian" value="little"/><property name="user.home" value="/home/knoldus"/><property name="user.language" value="en"/><property name="sbt.script" value="/usr/bin/sbt"/><property name="sbt.ipcsocket.tmpdir" value="/run/user/1000/.sbtb12b60fb/ipcsocket"/><property name="swoval.tmpdir" value="/run/user/1000/.sbtb12b60fb/swoval"/><property name="java.awt.graphicsenv" value="sun.awt.X11GraphicsEnvironment"/><property name="jline.esc.timeout" value="0"/><property name="path.separator" value=":"/><property name="os.version" value="5.15.0-73-generic"/><property name="jna.nosys" value="true"/><property name="java.runtime.name" value="OpenJDK Runtime Environment"/><property name="java.vm.name" value="OpenJDK 64-Bit Server VM"/><property name="jna.platform.library.path" value="/usr/lib/x86_64-linux-gnu:/lib/x86_64-linux-gnu:/usr/lib64:/lib64:/usr/lib:/lib:/usr/local/lib:/usr/lib/x86_64-linux-gnu/libfakeroot"/><property name="java.vendor.url.bug" value="https://bugs.launchpad.net/ubuntu/+source/openjdk-lts"/><property name="user.dir" value="/home/knoldus/Documents/Practice/knolx/KnolxApp"/><property name="os.arch" value="amd64"/><property name="java.vm.info" value="mixed mode, sharing"/><property name="java.vm.version" value="11.0.19+7-post-Ubuntu-0ubuntu120.04.1"/><property name="java.class.version" value="55.0"/>
    </properties>
          <testcase classname="com.knoldus.learning.dao.InsertDBFunctionsSpec" name=" should setClassTeacher" time="0.052">
                      
                    </testcase><testcase classname="com.knoldus.learning.dao.InsertDBFunctionsSpec" name=" should forceInsertStudentWithId" time="0.019">
                      
                    </testcase><testcase classname="com.knoldus.learning.dao.InsertDBFunctionsSpec" name=" should insertAndReturnId" time="0.029">
                      
                    </testcase><testcase classname="com.knoldus.learning.dao.InsertDBFunctionsSpec" name=" should insertAndReturn" time="0.015">
                      
                    </testcase><testcase classname="com.knoldus.learning.dao.InsertDBFunctionsSpec" name=" should insertAndSelectNewTeacher" time="0.053">
                      
                    </testcase><testcase classname="com.knoldus.learning.dao.InsertDBFunctionsSpec" name=" should insertStudents" time="0.01">
                      
                    </testcase><testcase classname="com.knoldus.learning.dao.InsertDBFunctionsSpec" name=" should addNewStudent" time="0.009">
                      
                    </testcase><testcase classname="com.knoldus.learning.dao.InsertDBFunctionsSpec" name=" should insertStudentsAndReturn" time="0.036">
                      
                    </testcase>
          <system-out><![CDATA[]]></system-out>
          <system-err><![CDATA[]]></system-err>
        </testsuite>